Build started 25-09-2020 11:19:27.
     1>Project "c:\Users\aryam\documents\visual studio 2010\Projects\170101011_YN\170101011_YN\170101011_YN.vcxproj" on node 2 (build target(s)).
     1>InitializeBuildStatus:
         Creating "Debug\170101011_YN.unsuccessfulbuild" because "AlwaysCreate" was specified.
       ClCompile:
         All outputs are up-to-date.
         d:\VS-IITG\VC\bin\CL.exe /c /ZI /nologo /W3 /WX- /Od /Oy- /D WIN32 /D _DEBUG /D _CONSOLE /D _UNICODE /D UNICODE /Gm /EHsc /RTC1 /MDd /GS /fp:precise /Zc:wchar_t /Zc:forScope /Yu"StdAfx.h" /Fp"Debug\170101011_YN.pch" /Fo"Debug\\" /Fd"Debug\vc100.pdb" /Gd /TP /analyze- /errorReport:prompt 170101011_YN.cpp
         170101011_YN.cpp
     1>c:\users\aryam\documents\visual studio 2010\projects\170101011_yn\170101011_yn\170101011_yn.cpp(34): warning C4244: 'argument' : conversion from 'float' to '__int64', possible loss of data
     1>c:\users\aryam\documents\visual studio 2010\projects\170101011_yn\170101011_yn\170101011_yn.cpp(37): warning C4018: '<' : signed/unsigned mismatch
     1>c:\users\aryam\documents\visual studio 2010\projects\170101011_yn\170101011_yn\170101011_yn.cpp(41): warning C4244: 'argument' : conversion from 'double' to '__int64', possible loss of data
     1>c:\users\aryam\documents\visual studio 2010\projects\170101011_yn\170101011_yn\170101011_yn.cpp(47): warning C4018: '<' : signed/unsigned mismatch
     1>c:\users\aryam\documents\visual studio 2010\projects\170101011_yn\170101011_yn\170101011_yn.cpp(52): warning C4244: 'argument' : conversion from 'double' to 'const __int64', possible loss of data
     1>c:\users\aryam\documents\visual studio 2010\projects\170101011_yn\170101011_yn\170101011_yn.cpp(65): warning C4244: '+=' : conversion from '__int64' to 'int', possible loss of data
     1>c:\users\aryam\documents\visual studio 2010\projects\170101011_yn\170101011_yn\170101011_yn.cpp(66): warning C4244: '+=' : conversion from '__int64' to 'int', possible loss of data
     1>c:\users\aryam\documents\visual studio 2010\projects\170101011_yn\170101011_yn\170101011_yn.cpp(69): warning C4244: 'initializing' : conversion from 'double' to 'int', possible loss of data
     1>c:\users\aryam\documents\visual studio 2010\projects\170101011_yn\170101011_yn\170101011_yn.cpp(73): warning C4018: '<' : signed/unsigned mismatch
     1>c:\users\aryam\documents\visual studio 2010\projects\170101011_yn\170101011_yn\170101011_yn.cpp(79): warning C4244: '+=' : conversion from '__int64' to 'int', possible loss of data
       ManifestResourceCompile:
         All outputs are up-to-date.
       Link:
         d:\VS-IITG\VC\bin\link.exe /ERRORREPORT:PROMPT /OUT:"c:\users\aryam\documents\visual studio 2010\Projects\170101011_YN\Debug\170101011_YN.exe" /INCREMENTAL /NOLOGO kernel32.lib user32.lib gdi32.lib winspool.lib comdlg32.lib advapi32.lib shell32.lib ole32.lib oleaut32.lib uuid.lib odbc32.lib odbccp32.lib /MANIFEST /ManifestFile:"Debug\170101011_YN.exe.intermediate.manifest" /MANIFESTUAC:"level='asInvoker' uiAccess='false'" /DEBUG /PDB:"c:\users\aryam\documents\visual studio 2010\Projects\170101011_YN\Debug\170101011_YN.pdb" /SUBSYSTEM:CONSOLE /TLBID:1 /DYNAMICBASE /NXCOMPAT /IMPLIB:"c:\users\aryam\documents\visual studio 2010\Projects\170101011_YN\Debug\170101011_YN.lib" /MACHINE:X86 Debug\170101011_YN.exe.embed.manifest.res
         Debug\170101011_YN.obj
         Debug\stdafx.obj
       Manifest:
         C:\Program Files (x86)\Microsoft SDKs\Windows\v7.0A\bin\mt.exe /nologo /verbose /out:"Debug\170101011_YN.exe.embed.manifest" /manifest Debug\170101011_YN.exe.intermediate.manifest
         All outputs are up-to-date.
       LinkEmbedManifest:
         All outputs are up-to-date.
         170101011_YN.vcxproj -> c:\users\aryam\documents\visual studio 2010\Projects\170101011_YN\Debug\170101011_YN.exe
       FinalizeBuildStatus:
         Deleting file "Debug\170101011_YN.unsuccessfulbuild".
         Touching "Debug\170101011_YN.lastbuildstate".
     1>Done Building Project "c:\Users\aryam\documents\visual studio 2010\Projects\170101011_YN\170101011_YN\170101011_YN.vcxproj" (build target(s)).

Build succeeded.

Time Elapsed 00:00:01.01
